<?xml version="1.0" encoding="UTF-8"?>
<!-- Generated by org.testng.reporters.JUnitXMLReporter -->
<testsuite hostname="DESKTOP-F6PBVOS" ignored="0" name="POM_Project" tests="4" failures="0" timestamp="10 Feb 2021 01:54:13 GMT" time="25.973" errors="0">
  <testcase name="To_check_Error_For_Invalid_Login" time="3.735" classname="src.test.java.sfdc.sfdclogin.sfdclogin"/>
  <testcase name="to_Check_Whether_Login_Happening_Or_Not" time="7.654" classname="src.test.java.sfdc.sfdclogin.sfdclogin"/>
  <testcase name="forgot_password" time="5.218" classname="src.test.java.sfdc.sfdclogin.sfdclogin"/>
  <testcase name="Remember_username_check" time="4.496" classname="src.test.java.sfdc.sfdclogin.sfdclogin"/>
</testsuite> <!-- POM_Project -->
